(ljurdant)Running: Start Machine       [ exec-time = 0.003ms ]
(ljurdant)Running: Boil Water          [ exec-time = 0.003ms ]
(ljurdant)Running: Make Coffee         [ exec-time = 2.005s ]
(ljurdant)Running: Start Machine       [ exec-time = 0.003ms ]
(ljurdant)Running: Boil Water          [ exec-time = 0.002ms ]
(ljurdant)Running: Make Coffee         [ exec-time = 2.005s ]
(ljurdant)Running: Start Machine       [ exec-time = 0.003ms ]
(ljurdant)Running: Boil Water          [ exec-time = 0.002ms ]
(ljurdant)Running: Make Coffee         [ exec-time = 2.005s ]
(ljurdant)Running: Start Machine       [ exec-time = 0.003ms ]
(ljurdant)Running: Boil Water          [ exec-time = 0.002ms ]
(ljurdant)Running: Make Coffee         [ exec-time = 2.005s ]
(ljurdant)Running: Start Machine       [ exec-time = 0.029ms ]
(ljurdant)Running: Make Coffee         [ exec-time = 0.949ms ]
(ljurdant)Running: Start Machine       [ exec-time = 0.021ms ]
(ljurdant)Running: Make Coffee         [ exec-time = 0.973ms ]
(ljurdant)Running: Start Machine       [ exec-time = 0.002ms ]
(ljurdant)Running: Boil Water          [ exec-time = 0.003ms ]
(ljurdant)Running: Make Coffee         [ exec-time = 2.005s ]
(ljurdant)Running: Start Machine       [ exec-time = 0.003ms ]
(ljurdant)Running: Boil Water          [ exec-time = 0.002ms ]
(ljurdant)Running: Make Coffee         [ exec-time = 2.005s ]
(ljurdant)Running: Start Machine       [ exec-time = 0.003ms ]
(ljurdant)Running: Boil Water          [ exec-time = 0.002ms ]
(ljurdant)Running: Make Coffee         [ exec-time = 2.005s ]
(ljurdant)Running: Start Machine       [ exec-time = 0.002ms ]
(ljurdant)Running: Boil Water          [ exec-time = 0.002ms ]
(ljurdant)Running: Make Coffee         [ exec-time = 2.006s ]
(ljurdant)Running: Start Machine       [ exec-time = 0.03ms ]
(ljurdant)Running: Make Coffee         [ exec-time = 1.192ms ]
(ljurdant)Running: Start Machine       [ exec-time = 0.04ms ]
(ljurdant)Running: Make Coffee         [ exec-time = 1.146ms ]
(ljurdant)Running: Add Water           [ exec-time = 1.001s ]
(ljurdant)Running: Start Machine       [ exec-time = 0.001ms ]
(ljurdant)Running: Boil Water          [ exec-time = 0.002ms ]
(ljurdant)Running: Make Coffee         [ exec-time = 2.006s ]
(ljurdant)Running: Start Machine       [ exec-time = 0.002ms ]
(ljurdant)Running: Boil Water          [ exec-time = 0.002ms ]
(ljurdant)Running: Make Coffee         [ exec-time = 2.005s ]
(ljurdant)Running: Start Machine       [ exec-time = 0.002ms ]
(ljurdant)Running: Boil Water          [ exec-time = 0.002ms ]
(ljurdant)Running: Make Coffee         [ exec-time = 2.006s ]
(ljurdant)Running: Start Machine       [ exec-time = 0.003ms ]
(ljurdant)Running: Boil Water          [ exec-time = 0.002ms ]
(ljurdant)Running: Make Coffee         [ exec-time = 2.005s ]
(ljurdant)Running: Start Machine       [ exec-time = 0.03ms ]
(ljurdant)Running: Make Coffee         [ exec-time = 1.21ms ]
(ljurdant)Running: Start Machine       [ exec-time = 0.035ms ]
(ljurdant)Running: Make Coffee         [ exec-time = 1.154ms ]
(ljurdant)Running: Add Water           [ exec-time = 1.001s ]
(ljurdant)Running: Start Machine       [ exec-time = 0.002ms ]
(ljurdant)Running: Boil Water          [ exec-time = 0.003ms ]
(ljurdant)Running: Make Coffee         [ exec-time = 2.005s ]
(ljurdant)Running: Start Machine       [ exec-time = 0.003ms ]
(ljurdant)Running: Boil Water          [ exec-time = 0.002ms ]
(ljurdant)Running: Make Coffee         [ exec-time = 2.006s ]
(ljurdant)Running: Start Machine       [ exec-time = 0.003ms ]
(ljurdant)Running: Boil Water          [ exec-time = 0.003ms ]
(ljurdant)Running: Make Coffee         [ exec-time = 2.006s ]
(ljurdant)Running: Start Machine       [ exec-time = 0.003ms ]
(ljurdant)Running: Boil Water          [ exec-time = 0.002ms ]
(ljurdant)Running: Make Coffee         [ exec-time = 2.005s ]
(ljurdant)Running: Start Machine       [ exec-time = 0.029ms ]
(ljurdant)Running: Make Coffee         [ exec-time = 1.267ms ]
(ljurdant)Running: Start Machine       [ exec-time = 0.027ms ]
(ljurdant)Running: Make Coffee         [ exec-time = 1.432ms ]
(ljurdant)Running: Add Water           [ exec-time = 2.002s ]
(ljurdant)Running: Start Machine       [ exec-time = 0.001ms ]
(ljurdant)Running: Boil Water          [ exec-time = 0.003ms ]
(ljurdant)Running: Make Coffee         [ exec-time = 2.005s ]
(ljurdant)Running: Start Machine       [ exec-time = 0.002ms ]
(ljurdant)Running: Boil Water          [ exec-time = 0.003ms ]
(ljurdant)Running: Make Coffee         [ exec-time = 2.005s ]
(ljurdant)Running: Start Machine       [ exec-time = 0.002ms ]
(ljurdant)Running: Boil Water          [ exec-time = 0.002ms ]
(ljurdant)Running: Make Coffee         [ exec-time = 2.005s ]
(ljurdant)Running: Start Machine       [ exec-time = 0.003ms ]
(ljurdant)Running: Boil Water          [ exec-time = 0.003ms ]
(ljurdant)Running: Make Coffee         [ exec-time = 2.005s ]
(ljurdant)Running: Start Machine       [ exec-time = 0.028ms ]
(ljurdant)Running: Make Coffee         [ exec-time = 1.082ms ]
(ljurdant)Running: Start Machine       [ exec-time = 0.031ms ]
(ljurdant)Running: Make Coffee         [ exec-time = 0.978ms ]
(ljurdant)Running: Add Water           [ exec-time = 4.004s ]
(ljurdant)Running: Start Machine       [ exec-time = 0.001ms ]
(ljurdant)Running: Boil Water          [ exec-time = 0.001ms ]
(ljurdant)Running: Make Coffee         [ exec-time = 2.008s ]
(ljurdant)Running: Start Machine       [ exec-time = 0.001ms ]
(ljurdant)Running: Boil Water          [ exec-time = 0.001ms ]
(ljurdant)Running: Make Coffee         [ exec-time = 2.008s ]
(ljurdant)Running: Start Machine       [ exec-time = 0.002ms ]
(ljurdant)Running: Boil Water          [ exec-time = 0.001ms ]
(ljurdant)Running: Make Coffee         [ exec-time = 2.006s ]
(ljurdant)Running: Start Machine       [ exec-time = 0.001ms ]
(ljurdant)Running: Boil Water          [ exec-time = 0.001ms ]
(ljurdant)Running: Make Coffee         [ exec-time = 2.007s ]
(ljurdant)Running: Start Machine       [ exec-time = 0.007ms ]
(ljurdant)Running: Make Coffee         [ exec-time = 0.993ms ]
(ljurdant)Running: Start Machine       [ exec-time = 0.007ms ]
(ljurdant)Running: Make Coffee         [ exec-time = 0.513ms ]
(ljurdant)Running: Add Water           [ exec-time = 4.004s ]
(ljurdant)Running: Start Machine       [ exec-time = 0.002ms ]
(ljurdant)Running: Boil Water          [ exec-time = 0.001ms ]
(ljurdant)Running: Make Coffee         [ exec-time = 2.009s ]
(ljurdant)Running: Start Machine       [ exec-time = 0.002ms ]
(ljurdant)Running: Boil Water          [ exec-time = 0.001ms ]
(ljurdant)Running: Make Coffee         [ exec-time = 2.008s ]
(ljurdant)Running: Start Machine       [ exec-time = 0.002ms ]
(ljurdant)Running: Boil Water          [ exec-time = 0.001ms ]
(ljurdant)Running: Make Coffee         [ exec-time = 2.009s ]
(ljurdant)Running: Start Machine       [ exec-time = 0.002ms ]
(ljurdant)Running: Boil Water          [ exec-time = 0.0ms ]
(ljurdant)Running: Make Coffee         [ exec-time = 2.007s ]
(ljurdant)Running: Start Machine       [ exec-time = 0.006ms ]
(ljurdant)Running: Make Coffee         [ exec-time = 0.789ms ]
(ljurdant)Running: Start Machine       [ exec-time = 0.008ms ]
(ljurdant)Running: Make Coffee         [ exec-time = 0.751ms ]
(ljurdant)Running: Add Water           [ exec-time = 4.004s ]
